{
  "RSpec": {
    "coverage": {
      "/Users/keithwilliamsjr/Documents/Projects/Flatiron/Projects/leftovers-sinatra-angular/app.rb": [
        1,
        1,
        1,
        1,
        null,
        8,
        null,
        1,
        1,
        1,
        null,
        null,
        1,
        1,
        null,
        1,
        0,
        null,
        null,
        1,
        1,
        null,
        null,
        1,
        0,
        null,
        0,
        null,
        null,
        null,
        null,
        null,
        null,
        null,
        null,
        null,
        1,
        1,
        1,
        null,
        null,
        1,
        6,
        null,
        1,
        0,
        null,
        null,
        null,
        null,
        1,
        3,
        null,
        null,
        1,
        2,
        null,
        2,
        1,
        1,
        null,
        1,
        1,
        null,
        null,
        null,
        1,
        0,
        0,
        null,
        null,
        null,
        null,
        1,
        1,
        null,
        null,
        null,
        null,
        1,
        0,
        0,
        null,
        null,
        1,
        0,
        0,
        null,
        null,
        1,
        0,
        null,
        null,
        1,
        0,
        0,
        null,
        null,
        1,
        0,
        0,
        null,
        null,
        1,
        0,
        null,
        null,
        1,
        0,
        0,
        null,
        null,
        1,
        0,
        0,
        null,
        null,
        1,
        0,
        null,
        null,
        1,
        0,
        null,
        null,
        1,
        0,
        0,
        null,
        null,
        1,
        null,
        null,
        null,
        1,
        null,
        0,
        null,
        null,
        1,
        1,
        1,
        null,
        null,
        null,
        null,
        null
      ],
      "/Users/keithwilliamsjr/Documents/Projects/Flatiron/Projects/leftovers-sinatra-angular/lib/confirmation.rb": [
        1,
        null,
        1,
        0,
        null,
        null,
        null,
        null
      ],
      "/Users/keithwilliamsjr/Documents/Projects/Flatiron/Projects/leftovers-sinatra-angular/lib/pickup.rb": [
        1,
        1,
        null,
        1,
        1,
        1,
        null,
        1,
        0,
        0,
        0,
        0,
        0,
        0,
        0,
        null,
        null
      ],
      "/Users/keithwilliamsjr/Documents/Projects/Flatiron/Projects/leftovers-sinatra-angular/lib/restaurant.rb": [
        1,
        1,
        null
      ],
      "/Users/keithwilliamsjr/Documents/Projects/Flatiron/Projects/leftovers-sinatra-angular/lib/shelter.rb": [
        1,
        1,
        null
      ],
      "/Users/keithwilliamsjr/Documents/Projects/Flatiron/Projects/leftovers-sinatra-angular/lib/sidekiqworker.rb": [
        1,
        1,
        null,
        1,
        0,
        0,
        null,
        0,
        0,
        null,
        null,
        0,
        0,
        0,
        0,
        null,
        null,
        null,
        null,
        null,
        null
      ],
      "/Users/keithwilliamsjr/Documents/Projects/Flatiron/Projects/leftovers-sinatra-angular/lib/user.rb": [
        1,
        1,
        1,
        null
      ],
      "/Users/keithwilliamsjr/Documents/Projects/Flatiron/Projects/leftovers-sinatra-angular/lib/worker.rb": [
        null,
        null,
        null,
        null,
        null,
        null,
        null,
        null,
        null,
        null,
        null,
        null,
        null,
        null,
        null,
        null,
        null,
        null,
        null,
        null,
        null,
        null
      ],
      "/Users/keithwilliamsjr/Documents/Projects/Flatiron/Projects/leftovers-sinatra-angular/spec/factories/restaurants.rb": [
        null,
        null,
        1,
        null,
        1,
        1,
        2,
        2,
        2,
        2,
        2,
        null,
        null,
        null
      ],
      "/Users/keithwilliamsjr/Documents/Projects/Flatiron/Projects/leftovers-sinatra-angular/spec/factories/shelters.rb": [
        null,
        null,
        1,
        null,
        1,
        1,
        1,
        1,
        1,
        1,
        1,
        null,
        null,
        null
      ],
      "/Users/keithwilliamsjr/Documents/Projects/Flatiron/Projects/leftovers-sinatra-angular/spec/factories/users.rb": [
        1,
        null,
        1,
        1,
        1,
        3,
        1,
        1,
        null,
        null,
        null
      ],
      "/Users/keithwilliamsjr/Documents/Projects/Flatiron/Projects/leftovers-sinatra-angular/spec/models/restaurant_spec.rb": [
        null,
        null,
        null,
        1,
        null,
        1,
        null,
        null,
        1,
        1,
        1,
        null,
        null
      ],
      "/Users/keithwilliamsjr/Documents/Projects/Flatiron/Projects/leftovers-sinatra-angular/spec/models/shelter_spec.rb": [
        null,
        null,
        1,
        null,
        1,
        null,
        null
      ],
      "/Users/keithwilliamsjr/Documents/Projects/Flatiron/Projects/leftovers-sinatra-angular/spec/models/user_spec.rb": [
        null,
        1,
        null,
        1,
        1,
        1,
        1,
        1,
        null,
        null,
        null
      ]
    },
    "timestamp": 1396383943
  },
  "Cucumber Features": {
    "coverage": {
      "/Users/keithwilliamsjr/Documents/Projects/Flatiron/Projects/leftovers-sinatra-angular/spec/factories/restaurants.rb": [
        null,
        null,
        1,
        null,
        1,
        1,
        1,
        1,
        1,
        1,
        1,
        null,
        null,
        null
      ],
      "/Users/keithwilliamsjr/Documents/Projects/Flatiron/Projects/leftovers-sinatra-angular/spec/factories/shelters.rb": [
        null,
        null,
        1,
        null,
        1,
        1,
        1,
        1,
        1,
        1,
        1,
        null,
        null,
        null
      ],
      "/Users/keithwilliamsjr/Documents/Projects/Flatiron/Projects/leftovers-sinatra-angular/spec/factories/users.rb": [
        1,
        null,
        1,
        1,
        1,
        2,
        1,
        1,
        null,
        null,
        null
      ],
      "/Users/keithwilliamsjr/Documents/Projects/Flatiron/Projects/leftovers-sinatra-angular/features/support/paths.rb": [
        null,
        null,
        1,
        null,
        null,
        null,
        null,
        null,
        null,
        1,
        0,
        null,
        null,
        0,
        null,
        null,
        null,
        null,
        null,
        null,
        null,
        null,
        0,
        null,
        null,
        null,
        null,
        null,
        1
      ],
      "/Users/keithwilliamsjr/Documents/Projects/Flatiron/Projects/leftovers-sinatra-angular/features/step_definitions/login.rb": [
        null,
        1,
        3,
        null,
        null,
        1,
        1,
        1,
        null,
        null,
        1,
        1,
        1,
        1,
        null,
        null,
        1,
        1,
        null,
        null,
        1,
        3,
        null
      ],
      "/Users/keithwilliamsjr/Documents/Projects/Flatiron/Projects/leftovers-sinatra-angular/features/step_definitions/web_steps.rb": [
        null,
        null,
        null,
        null,
        null,
        null,
        null,
        1,
        1,
        1,
        null,
        1,
        1,
        0,
        null,
        null,
        1,
        null,
        1,
        0,
        null,
        null,
        1,
        0,
        null,
        null,
        1,
        0,
        0,
        null,
        null,
        null,
        1,
        0,
        0,
        null,
        null,
        null,
        1,
        0,
        0,
        null,
        null,
        null,
        1,
        0,
        0,
        null,
        null,
        null,
        null,
        null,
        null,
        null,
        null,
        null,
        null,
        null,
        null,
        null,
        null,
        1,
        0,
        0,
        0,
        null,
        null,
        null,
        null,
        1,
        0,
        0,
        null,
        null,
        null,
        1,
        0,
        0,
        null,
        null,
        null,
        1,
        0,
        0,
        null,
        null,
        null,
        1,
        0,
        0,
        null,
        null,
        null,
        1,
        0,
        0,
        null,
        null,
        null,
        1,
        0,
        0,
        0,
        0,
        null,
        null,
        1,
        0,
        0,
        0,
        null,
        0,
        null,
        null,
        null,
        null,
        1,
        0,
        0,
        0,
        0,
        null,
        0,
        null,
        null,
        null,
        null,
        1,
        0,
        0,
        0,
        null,
        0,
        null,
        null,
        null,
        null,
        1,
        0,
        0,
        0,
        0,
        null,
        0,
        null,
        null,
        null,
        null,
        1,
        0,
        0,
        0,
        0,
        0,
        null,
        0,
        null,
        null,
        null,
        null,
        1,
        0,
        0,
        0,
        0,
        0,
        null,
        0,
        null,
        null,
        null,
        null,
        1,
        0,
        0,
        0,
        0,
        null,
        0,
        null,
        null,
        null,
        null,
        1,
        0,
        0,
        0,
        0,
        null,
        0,
        null,
        null,
        null,
        null,
        1,
        0,
        0,
        0,
        null,
        0,
        null,
        null,
        null,
        1,
        0,
        0,
        0,
        0,
        null,
        0,
        0,
        null,
        0,
        null,
        null,
        null,
        1,
        0,
        null
      ]
    },
    "timestamp": 1396383934
  }
}
