{
  "RSpec": {
    "coverage": {
      "/Users/oliverswitzer/Programming/FlatironProjects/sinatra/leftovers-sinatra-angular/spec/factories/restaurants.rb": [
        null,
        null,
        1,
        null,
        1,
        1,
        2,
        2,
        2,
        2,
        2,
        null,
        null,
        null
      ],
      "/Users/oliverswitzer/Programming/FlatironProjects/sinatra/leftovers-sinatra-angular/spec/factories/shelters.rb": [
        null,
        null,
        1,
        null,
        1,
        1,
        1,
        1,
        1,
        1,
        1,
        null,
        null,
        null
      ],
      "/Users/oliverswitzer/Programming/FlatironProjects/sinatra/leftovers-sinatra-angular/spec/factories/users.rb": [
        1,
        null,
        1,
        1,
        1,
        3,
        1,
        1,
        null,
        null,
        null
      ],
      "/Users/oliverswitzer/Programming/FlatironProjects/sinatra/leftovers-sinatra-angular/spec/models/restaurant_spec.rb": [
        null,
        null,
        null,
        1,
        null,
        1,
        null,
        null,
        1,
        1,
        1,
        null,
        null
      ],
      "/Users/oliverswitzer/Programming/FlatironProjects/sinatra/leftovers-sinatra-angular/spec/models/shelter_spec.rb": [
        null,
        null,
        1,
        null,
        1,
        null,
        null
      ],
      "/Users/oliverswitzer/Programming/FlatironProjects/sinatra/leftovers-sinatra-angular/spec/models/user_spec.rb": [
        null,
        1,
        null,
        1,
        1,
        1,
        1,
        1,
        null,
        null,
        null
      ]
    },
    "timestamp": 1396381385
  },
  "Cucumber Features": {
    "coverage": {
      "/Users/keithwilliamsjr/Documents/Projects/Flatiron/Projects/leftovers-sinatra-angular/spec/factories/restaurants.rb": [
        null,
        null,
        1,
        null,
        1,
        1,
        1,
        1,
        1,
        1,
        1,
        null,
        null,
        null
      ],
      "/Users/keithwilliamsjr/Documents/Projects/Flatiron/Projects/leftovers-sinatra-angular/spec/factories/shelters.rb": [
        null,
        null,
        1,
        null,
        1,
        1,
        1,
        1,
        1,
        1,
        1,
        null,
        null,
        null
      ],
      "/Users/keithwilliamsjr/Documents/Projects/Flatiron/Projects/leftovers-sinatra-angular/spec/factories/users.rb": [
        1,
        null,
        1,
        1,
        1,
        2,
        1,
        1,
        null,
        null,
        null
      ],
      "/Users/keithwilliamsjr/Documents/Projects/Flatiron/Projects/leftovers-sinatra-angular/features/support/paths.rb": [
        null,
        null,
        1,
        null,
        null,
        null,
        null,
        null,
        null,
        1,
        0,
        null,
        null,
        0,
        null,
        null,
        null,
        null,
        null,
        null,
        null,
        null,
        0,
        null,
        null,
        null,
        null,
        null,
        1
      ],
      "/Users/keithwilliamsjr/Documents/Projects/Flatiron/Projects/leftovers-sinatra-angular/features/step_definitions/login.rb": [
        null,
        1,
        3,
        null,
        null,
        1,
        1,
        1,
        null,
        null,
        1,
        1,
        1,
        1,
        null,
        null,
        1,
        1,
        null,
        null,
        1,
        3,
        null
      ],
      "/Users/keithwilliamsjr/Documents/Projects/Flatiron/Projects/leftovers-sinatra-angular/features/step_definitions/web_steps.rb": [
        null,
        null,
        null,
        null,
        null,
        null,
        null,
        1,
        1,
        1,
        null,
        1,
        1,
        0,
        null,
        null,
        1,
        null,
        1,
        0,
        null,
        null,
        1,
        0,
        null,
        null,
        1,
        0,
        0,
        null,
        null,
        null,
        1,
        0,
        0,
        null,
        null,
        null,
        1,
        0,
        0,
        null,
        null,
        null,
        1,
        0,
        0,
        null,
        null,
        null,
        null,
        null,
        null,
        null,
        null,
        null,
        null,
        null,
        null,
        null,
        null,
        1,
        0,
        0,
        0,
        null,
        null,
        null,
        null,
        1,
        0,
        0,
        null,
        null,
        null,
        1,
        0,
        0,
        null,
        null,
        null,
        1,
        0,
        0,
        null,
        null,
        null,
        1,
        0,
        0,
        null,
        null,
        null,
        1,
        0,
        0,
        null,
        null,
        null,
        1,
        0,
        0,
        0,
        0,
        null,
        null,
        1,
        0,
        0,
        0,
        null,
        0,
        null,
        null,
        null,
        null,
        1,
        0,
        0,
        0,
        0,
        null,
        0,
        null,
        null,
        null,
        null,
        1,
        0,
        0,
        0,
        null,
        0,
        null,
        null,
        null,
        null,
        1,
        0,
        0,
        0,
        0,
        null,
        0,
        null,
        null,
        null,
        null,
        1,
        0,
        0,
        0,
        0,
        0,
        null,
        0,
        null,
        null,
        null,
        null,
        1,
        0,
        0,
        0,
        0,
        0,
        null,
        0,
        null,
        null,
        null,
        null,
        1,
        0,
        0,
        0,
        0,
        null,
        0,
        null,
        null,
        null,
        null,
        1,
        0,
        0,
        0,
        0,
        null,
        0,
        null,
        null,
        null,
        null,
        1,
        0,
        0,
        0,
        null,
        0,
        null,
        null,
        null,
        1,
        0,
        0,
        0,
        0,
        null,
        0,
        0,
        null,
        0,
        null,
        null,
        null,
        1,
        0,
        null
      ]
    },
    "timestamp": 1396379579
  }
}
